Determining if the pthread_create exist failed with the following output:
Change Dir: /home/qrpucp/px4_control/build/CMakeFiles/CMakeTmp

Run Build Command:"/usr/bin/make" "cmTC_64b28/fast"
/usr/bin/make -f CMakeFiles/cmTC_64b28.dir/build.make CMakeFiles/cmTC_64b28.dir/build
make[1]: Entering directory '/home/qrpucp/px4_control/build/CMakeFiles/CMakeTmp'
Building C object CMakeFiles/cmTC_64b28.dir/CheckSymbolExists.c.o
/usr/bin/cc     -o CMakeFiles/cmTC_64b28.dir/CheckSymbolExists.c.o   -c /home/qrpucp/px4_control/build/CMakeFiles/CMakeTmp/CheckSymbolExists.c
Linking C executable cmTC_64b28
/usr/bin/cmake -E cmake_link_script CMakeFiles/cmTC_64b28.dir/link.txt --verbose=1
/usr/bin/cc       CMakeFiles/cmTC_64b28.dir/CheckSymbolExists.c.o  -o cmTC_64b28 -rdynamic 
CMakeFiles/cmTC_64b28.dir/CheckSymbolExists.c.o: In function `main':
CheckSymbolExists.c:(.text+0x16): undefined reference to `pthread_create'
collect2: error: ld returned 1 exit status
CMakeFiles/cmTC_64b28.dir/build.make:97: recipe for target 'cmTC_64b28' failed
make[1]: *** [cmTC_64b28] Error 1
make[1]: Leaving directory '/home/qrpucp/px4_control/build/CMakeFiles/CMakeTmp'
Makefile:126: recipe for target 'cmTC_64b28/fast' failed
make: *** [cmTC_64b28/fast] Error 2

File /home/qrpucp/px4_control/build/CMakeFiles/CMakeTmp/CheckSymbolExists.c:
/* */
#include <pthread.h>

int main(int argc, char** argv)
{
  (void)argv;
#ifndef pthread_create
  return ((int*)(&pthread_create))[argc];
#else
  (void)argc;
  return 0;
#endif
}

Determining if the function pthread_create exists in the pthreads failed with the following output:
Change Dir: /home/qrpucp/px4_control/build/CMakeFiles/CMakeTmp

Run Build Command:"/usr/bin/make" "cmTC_24b0a/fast"
/usr/bin/make -f CMakeFiles/cmTC_24b0a.dir/build.make CMakeFiles/cmTC_24b0a.dir/build
make[1]: Entering directory '/home/qrpucp/px4_control/build/CMakeFiles/CMakeTmp'
Building C object CMakeFiles/cmTC_24b0a.dir/CheckFunctionExists.c.o
/usr/bin/cc    -DCHECK_FUNCTION_EXISTS=pthread_create   -o CMakeFiles/cmTC_24b0a.dir/CheckFunctionExists.c.o   -c /usr/share/cmake-3.5/Modules/CheckFunctionExists.c
Linking C executable cmTC_24b0a
/usr/bin/cmake -E cmake_link_script CMakeFiles/cmTC_24b0a.dir/link.txt --verbose=1
/usr/bin/cc   -DCHECK_FUNCTION_EXISTS=pthread_create    CMakeFiles/cmTC_24b0a.dir/CheckFunctionExists.c.o  -o cmTC_24b0a -rdynamic -lpthreads 
/usr/bin/ld: cannot find -lpthreads
collect2: error: ld returned 1 exit status
CMakeFiles/cmTC_24b0a.dir/build.make:97: recipe for target 'cmTC_24b0a' failed
make[1]: *** [cmTC_24b0a] Error 1
make[1]: Leaving directory '/home/qrpucp/px4_control/build/CMakeFiles/CMakeTmp'
Makefile:126: recipe for target 'cmTC_24b0a/fast' failed
make: *** [cmTC_24b0a/fast] Error 2


